
 Nord 

 1
 2
 3
 4
 5
 6
 7
 8
 9
 10
 11
 12
 13
 14
 15
 16
   Journee  : 1 
 1 - 9  
 2 - 10  
 11 - 3  
 4 - 12  
 13 - 5  
 6 - 14  
 15 - 7  
 8 - 16  

   Journee  : 2 
 8 - 1  
 10 - 11  
 12 - 2  
 3 - 13  
 14 - 4  
 5 - 15  
 16 - 6  
 7 - 9  

   Journee  : 3 
 1 - 7  
 11 - 12  
 13 - 10  
 2 - 14  
 15 - 3  
 4 - 16  
 9 - 5  
 6 - 8  

   Journee  : 4 
 6 - 1  
 12 - 13  
 14 - 11  
 10 - 15  
 16 - 2  
 3 - 9  
 8 - 4  
 5 - 7  

   Journee  : 5 
 1 - 5  
 13 - 14  
 15 - 12  
 11 - 16  
 9 - 10  
 2 - 8  
 7 - 3  
 4 - 6  

   Journee  : 6 
 4 - 1  
 14 - 15  
 16 - 13  
 12 - 9  
 8 - 11  
 10 - 7  
 6 - 2  
 3 - 5  

   Journee  : 7 
 1 - 3  
 15 - 16  
 9 - 14  
 13 - 8  
 7 - 12  
 11 - 6  
 5 - 10  
 2 - 4  

   Journee  : 8 
 2 - 1  
 16 - 9  
 8 - 15  
 14 - 7  
 6 - 13  
 12 - 5  
 4 - 11  
 10 - 3  

   Journee  : 9 
 1 - 10  
 9 - 8  
 7 - 16  
 15 - 6  
 5 - 14  
 13 - 4  
 3 - 12  
 11 - 2  

   Journee  : 10 
 11 - 1  
 8 - 7  
 6 - 9  
 16 - 5  
 4 - 15  
 14 - 3  
 2 - 13  
 12 - 10  

   Journee  : 11 
 1 - 12  
 7 - 6  
 5 - 8  
 9 - 4  
 3 - 16  
 15 - 2  
 10 - 14  
 13 - 11  

   Journee  : 12 
 13 - 1  
 6 - 5  
 4 - 7  
 8 - 3  
 2 - 9  
 16 - 10  
 11 - 15  
 14 - 12  

   Journee  : 13 
 1 - 14  
 5 - 4  
 3 - 6  
 7 - 2  
 10 - 8  
 9 - 11  
 12 - 16  
 15 - 13  

   Journee  : 14 
 15 - 1  
 4 - 3  
 2 - 5  
 6 - 10  
 11 - 7  
 8 - 12  
 13 - 9  
 16 - 14  

   Journee  : 15 
 1 - 16  
 3 - 2  
 10 - 4  
 5 - 11  
 12 - 6  
 7 - 13  
 14 - 8  
 9 - 15  

   Journee  : 16 
 9 - 1  
 10 - 2  
 3 - 11  
 12 - 4  
 5 - 13  
 14 - 6  
 7 - 15  
 16 - 8  

   Journee  : 17 
 1 - 8  
 11 - 10  
 2 - 12  
 13 - 3  
 4 - 14  
 15 - 5  
 6 - 16  
 9 - 7  

   Journee  : 18 
 7 - 1  
 12 - 11  
 10 - 13  
 14 - 2  
 3 - 15  
 16 - 4  
 5 - 9  
 8 - 6  

   Journee  : 19 
 1 - 6  
 13 - 12  
 11 - 14  
 15 - 10  
 2 - 16  
 9 - 3  
 4 - 8  
 7 - 5  

   Journee  : 20 
 5 - 1  
 14 - 13  
 12 - 15  
 16 - 11  
 10 - 9  
 8 - 2  
 3 - 7  
 6 - 4  

   Journee  : 21 
 1 - 4  
 15 - 14  
 13 - 16  
 9 - 12  
 11 - 8  
 7 - 10  
 2 - 6  
 5 - 3  

   Journee  : 22 
 3 - 1  
 16 - 15  
 14 - 9  
 8 - 13  
 12 - 7  
 6 - 11  
 10 - 5  
 4 - 2  

   Journee  : 23 
 1 - 2  
 9 - 16  
 15 - 8  
 7 - 14  
 13 - 6  
 5 - 12  
 11 - 4  
 3 - 10  

   Journee  : 24 
 10 - 1  
 8 - 9  
 16 - 7  
 6 - 15  
 14 - 5  
 4 - 13  
 12 - 3  
 2 - 11  

   Journee  : 25 
 1 - 11  
 7 - 8  
 9 - 6  
 5 - 16  
 15 - 4  
 3 - 14  
 13 - 2  
 10 - 12  

   Journee  : 26 
 12 - 1  
 6 - 7  
 8 - 5  
 4 - 9  
 16 - 3  
 2 - 15  
 14 - 10  
 11 - 13  

   Journee  : 27 
 1 - 13  
 5 - 6  
 7 - 4  
 3 - 8  
 9 - 2  
 10 - 16  
 15 - 11  
 12 - 14  

   Journee  : 28 
 14 - 1  
 4 - 5  
 6 - 3  
 2 - 7  
 8 - 10  
 11 - 9  
 16 - 12  
 13 - 15  

   Journee  : 29 
 1 - 15  
 3 - 4  
 5 - 2  
 10 - 6  
 7 - 11  
 12 - 8  
 9 - 13  
 14 - 16  

   Journee  : 30 
 16 - 1  
 2 - 3  
 4 - 10  
 11 - 5  
 6 - 12  
 13 - 7  
 8 - 14  
 15 - 9  
