Joueur : 1 / 0 
Nom : Berto Stingel, 60 ans 
xp : 100 
68 / 83 
talent : 24 
tactique : 20 
technique : 7 
physique : 45 
medecine : 56 
recrutement : 46 
mental : 59 
Total : 432 / 432 
----------------------------------------------------- 
Joueur : 2 / 1 
Nom : Mckendree Karmazyn, 36 ans 
xp : 51 
15 / 87 
talent : 19 
tactique : 84 
technique : 8 
physique : 10 
medecine : 32 
recrutement : 56 
mental : 42 
Total : 372 / 804 
----------------------------------------------------- 
Joueur : 3 / 2 
Nom : Nalevanko Forness, 54 ans 
xp : 100 
64 / 73 
talent : 94 
tactique : 81 
technique : 81 
physique : 1 
medecine : 53 
recrutement : 68 
mental : 88 
Total : 697 / 1501 
----------------------------------------------------- 
Joueur : 4 / 3 
Nom : Gasbarro Charlott, 50 ans 
xp : 16 
34 / 11 
talent : 54 
tactique : 39 
technique : 10 
physique : 63 
medecine : 50 
recrutement : 1 
mental : 26 
Total : 342 / 1843 
----------------------------------------------------- 
Joueur : 5 / 4 
Nom : Flock Wunsch, 51 ans 
xp : 65 
11 / 40 
talent : 39 
tactique : 57 
technique : 49 
physique : 63 
medecine : 50 
recrutement : 1 
mental : 39 
Total : 388 / 2231 
----------------------------------------------------- 
Joueur : 6 / 5 
Nom : Bussing Quillens, 58 ans 
xp : 42 
77 / 10 
talent : 95 
tactique : 85 
technique : 79 
physique : 65 
medecine : 37 
recrutement : 61 
mental : 91 
Total : 695 / 2926 
----------------------------------------------------- 
Total Equipe : 2926 
moyenne : 
age : 51 
xp : 89 
talent : 54 
tactique : 61 
technique : 39 
physique : 41 
recrutement : 38 
medecine : 46 
mental : 57 
Joueur : 1 / 6 
Nom : Howerton Creedon, 35 ans 
xp : 97 
77 / 83 
talent : 26 
tactique : 22 
technique : 55 
physique : 58 
medecine : 78 
recrutement : 37 
mental : 28 
Total : 490 / 490 
----------------------------------------------------- 
Joueur : 2 / 7 
Nom : Navone Nathe, 42 ans 
xp : 27 
74 / 39 
talent : 88 
tactique : 6 
technique : 98 
physique : 28 
medecine : 22 
recrutement : 59 
mental : 44 
Total : 546 / 1036 
----------------------------------------------------- 
Joueur : 3 / 8 
Nom : Dejarden Linton, 55 ans 
xp : 79 
27 / 29 
talent : 77 
tactique : 12 
technique : 67 
physique : 60 
medecine : 24 
recrutement : 36 
mental : 74 
Total : 483 / 1519 
----------------------------------------------------- 
Joueur : 4 / 9 
Nom : Widlak Schmittou, 64 ans 
xp : 100 
2 / 1 
talent : 93 
tactique : 28 
technique : 69 
physique : 100 
medecine : 100 
recrutement : 14 
mental : 30 
Total : 583 / 2102 
----------------------------------------------------- 
Joueur : 5 / 10 
Nom : Gjokaj Tashia, 42 ans 
xp : 100 
61 / 5 
talent : 14 
tactique : 37 
technique : 62 
physique : 100 
medecine : 100 
recrutement : 14 
mental : 21 
Total : 428 / 2530 
----------------------------------------------------- 
Joueur : 6 / 11 
Nom : Steier Holroyd, 55 ans 
xp : 100 
86 / 16 
talent : 78 
tactique : 81 
technique : 97 
physique : 100 
medecine : 100 
recrutement : 88 
mental : 93 
Total : 1024 / 3554 
----------------------------------------------------- 
Total Equipe : 3554 
moyenne : 
age : 48 
xp : 144 
talent : 62 
tactique : 31 
technique : 74 
physique : 95 
recrutement : 41 
medecine : 93 
mental : 57 
Joueur : 1 / 12 
Nom : Munselle Hoffman, 52 ans 
xp : 100 
43 / 45 
talent : 26 
tactique : 11 
technique : 66 
physique : 61 
medecine : 67 
recrutement : 100 
mental : 86 
Total : 548 / 548 
----------------------------------------------------- 
Joueur : 2 / 13 
Nom : Halsell Ruthie, 39 ans 
xp : 100 
53 / 64 
talent : 30 
tactique : 75 
technique : 72 
physique : 42 
medecine : 37 
recrutement : 73 
mental : 73 
Total : 549 / 1097 
----------------------------------------------------- 
Joueur : 3 / 14 
Nom : Wooddell Amsden, 47 ans 
xp : 58 
96 / 37 
talent : 14 
tactique : 33 
technique : 8 
physique : 4 
medecine : 45 
recrutement : 44 
mental : 99 
Total : 394 / 1491 
----------------------------------------------------- 
Joueur : 4 / 15 
Nom : Blue Loften, 57 ans 
xp : 100 
5 / 75 
talent : 48 
tactique : 73 
technique : 93 
physique : 93 
medecine : 100 
recrutement : 83 
mental : 69 
Total : 687 / 2178 
----------------------------------------------------- 
Joueur : 5 / 16 
Nom : Delbridge Deboard, 40 ans 
xp : 38 
52 / 56 
talent : 68 
tactique : 85 
technique : 43 
physique : 93 
medecine : 100 
recrutement : 83 
mental : 71 
Total : 719 / 2897 
----------------------------------------------------- 
Total Equipe : 2897 
moyenne : 
age : 47 
xp : 111 
talent : 37 
tactique : 55 
technique : 56 
physique : 58 
recrutement : 80 
medecine : 69 
mental : 91 
Joueur : 1 / 17 
Nom : Foree Adams, 63 ans 
xp : 100 
50 / 9 
talent : 18 
tactique : 46 
technique : 10 
physique : 35 
medecine : 41 
recrutement : 20 
mental : 27 
Total : 274 / 274 
----------------------------------------------------- 
Joueur : 2 / 18 
Nom : Spuhler Lofing, 64 ans 
xp : 71 
88 / 37 
talent : 42 
tactique : 78 
technique : 70 
physique : 36 
medecine : 24 
recrutement : 45 
mental : 25 
Total : 487 / 761 
----------------------------------------------------- 
Joueur : 3 / 19 
Nom : Gootz Adamson, 37 ans 
xp : 10 
68 / 34 
talent : 92 
tactique : 30 
technique : 61 
physique : 36 
medecine : 44 
recrutement : 40 
mental : 15 
Total : 512 / 1273 
----------------------------------------------------- 
Joueur : 4 / 20 
Nom : Postle Kaba, 47 ans 
xp : 54 
96 / 35 
talent : 8 
tactique : 57 
technique : 83 
physique : 67 
medecine : 52 
recrutement : 59 
mental : 61 
Total : 526 / 1799 
----------------------------------------------------- 
Joueur : 5 / 21 
Nom : Rudolf Dyl, 35 ans 
xp : 75 
19 / 88 
talent : 80 
tactique : 7 
technique : 93 
physique : 67 
medecine : 52 
recrutement : 59 
mental : 71 
Total : 616 / 2415 
----------------------------------------------------- 
Joueur : 6 / 22 
Nom : Sugrue Vane, 52 ans 
xp : 100 
6 / 4 
talent : 85 
tactique : 72 
technique : 11 
physique : 11 
medecine : 34 
recrutement : 60 
mental : 27 
Total : 395 / 2810 
----------------------------------------------------- 
Total Equipe : 2810 
moyenne : 
age : 49 
xp : 118 
talent : 54 
tactique : 48 
technique : 54 
physique : 42 
recrutement : 47 
medecine : 41 
mental : 52 
Joueur : 1 / 23 
Nom : Zeitz Oleskiewicz, 57 ans 
xp : 100 
88 / 93 
talent : 84 
tactique : 42 
technique : 97 
physique : 49 
medecine : 51 
recrutement : 17 
mental : 88 
Total : 693 / 693 
----------------------------------------------------- 
Joueur : 2 / 24 
Nom : Drenning Monsen, 39 ans 
xp : 100 
97 / 45 
talent : 34 
tactique : 44 
technique : 35 
physique : 69 
medecine : 3 
recrutement : 71 
mental : 27 
Total : 459 / 1152 
----------------------------------------------------- 
Joueur : 3 / 25 
Nom : Osinski Ballejos, 55 ans 
xp : 100 
95 / 94 
talent : 7 
tactique : 82 
technique : 19 
physique : 40 
medecine : 31 
recrutement : 66 
mental : 49 
Total : 490 / 1642 
----------------------------------------------------- 
Joueur : 4 / 26 
Nom : Polemeni Desormeaux, 69 ans 
xp : 100 
86 / 78 
talent : 37 
tactique : 30 
technique : 13 
physique : 100 
medecine : 68 
recrutement : 100 
mental : 17 
Total : 708 / 2350 
----------------------------------------------------- 
Joueur : 5 / 27 
Nom : Shortle Apley, 41 ans 
xp : 100 
87 / 37 
talent : 82 
tactique : 23 
technique : 54 
physique : 100 
medecine : 68 
recrutement : 100 
mental : 56 
Total : 689 / 3039 
----------------------------------------------------- 
Total Equipe : 3039 
moyenne : 
age : 52 
xp : 187 
talent : 48 
tactique : 44 
technique : 43 
physique : 78 
recrutement : 92 
medecine : 44 
mental : 57 
Joueur : 1 / 28 
Nom : Fadley Degaust, 41 ans 
xp : 33 
60 / 36 
talent : 3 
tactique : 98 
technique : 54 
physique : 28 
medecine : 50 
recrutement : 2 
mental : 83 
Total : 417 / 417 
----------------------------------------------------- 
Joueur : 2 / 29 
Nom : Sabates Boisjolie, 44 ans 
xp : 33 
61 / 70 
talent : 67 
tactique : 88 
technique : 79 
physique : 23 
medecine : 72 
recrutement : 50 
mental : 8 
Total : 585 / 1002 
----------------------------------------------------- 
Joueur : 3 / 30 
Nom : Mihm Versaw, 52 ans 
xp : 100 
92 / 88 
talent : 55 
tactique : 36 
technique : 23 
physique : 9 
medecine : 63 
recrutement : 63 
mental : 44 
Total : 528 / 1530 
----------------------------------------------------- 
Joueur : 4 / 31 
Nom : Lobo Hedman, 68 ans 
xp : 100 
18 / 42 
talent : 97 
tactique : 42 
technique : 62 
physique : 100 
medecine : 56 
recrutement : 85 
mental : 3 
Total : 660 / 2190 
----------------------------------------------------- 
Joueur : 5 / 32 
Nom : Aniol Cassagne, 48 ans 
xp : 100 
9 / 28 
talent : 79 
tactique : 97 
technique : 99 
physique : 100 
medecine : 56 
recrutement : 85 
mental : 30 
Total : 662 / 2852 
----------------------------------------------------- 
Total Equipe : 2852 
moyenne : 
age : 50 
xp : 147 
talent : 60 
tactique : 72 
technique : 63 
physique : 63 
recrutement : 57 
medecine : 59 
mental : 45 
Joueur : 1 / 33 
Nom : Hollifield Smyers, 52 ans 
xp : 52 
14 / 52 
talent : 92 
tactique : 49 
technique : 72 
physique : 60 
medecine : 48 
recrutement : 8 
mental : 31 
Total : 518 / 518 
----------------------------------------------------- 
Joueur : 2 / 34 
Nom : Vacchiano Mowrer, 48 ans 
xp : 43 
95 / 87 
talent : 72 
tactique : 28 
technique : 51 
physique : 20 
medecine : 13 
recrutement : 49 
mental : 99 
Total : 586 / 1104 
----------------------------------------------------- 
Joueur : 3 / 35 
Nom : Wickstrom Villanova, 62 ans 
xp : 71 
41 / 66 
talent : 48 
tactique : 74 
technique : 13 
physique : 26 
medecine : 76 
recrutement : 51 
mental : 51 
Total : 494 / 1598 
----------------------------------------------------- 
Joueur : 4 / 36 
Nom : Sancedo Burgeson, 50 ans 
xp : 100 
76 / 10 
talent : 62 
tactique : 71 
technique : 62 
physique : 62 
medecine : 69 
recrutement : 70 
mental : 89 
Total : 633 / 2231 
----------------------------------------------------- 
Joueur : 5 / 37 
Nom : Purzycki Ducking, 51 ans 
xp : 100 
47 / 15 
talent : 6 
tactique : 27 
technique : 49 
physique : 62 
medecine : 69 
recrutement : 70 
mental : 68 
Total : 419 / 2650 
----------------------------------------------------- 
Joueur : 6 / 38 
Nom : Stauch Hirn, 43 ans 
xp : 22 
91 / 77 
talent : 18 
tactique : 33 
technique : 27 
physique : 34 
medecine : 42 
recrutement : 36 
mental : 53 
Total : 429 / 3079 
----------------------------------------------------- 
Total Equipe : 3079 
moyenne : 
age : 51 
xp : 91 
talent : 49 
tactique : 47 
technique : 45 
physique : 44 
recrutement : 47 
medecine : 52 
mental : 72 
Joueur : 1 / 39 
Nom : Donning Peveto, 66 ans 
xp : 55 
29 / 73 
talent : 29 
tactique : 91 
technique : 9 
physique : 67 
medecine : 56 
recrutement : 55 
mental : 7 
Total : 445 / 445 
----------------------------------------------------- 
Joueur : 2 / 40 
Nom : Musolino Vilches, 69 ans 
xp : 100 
27 / 28 
talent : 48 
tactique : 10 
technique : 60 
physique : 100 
medecine : 90 
recrutement : 100 
mental : 13 
Total : 813 / 1258 
----------------------------------------------------- 
Joueur : 3 / 41 
Nom : Quraishi Azzopardi, 69 ans 
xp : 48 
45 / 7 
talent : 72 
tactique : 44 
technique : 41 
physique : 41 
medecine : 15 
recrutement : 65 
mental : 53 
Total : 455 / 1713 
----------------------------------------------------- 
Joueur : 4 / 42 
Nom : Annmarie Vice, 40 ans 
xp : 100 
1 / 88 
talent : 91 
tactique : 99 
technique : 6 
physique : 94 
medecine : 46 
recrutement : 100 
mental : 61 
Total : 726 / 2439 
----------------------------------------------------- 
Joueur : 5 / 43 
Nom : Kwek Ismael, 65 ans 
xp : 71 
66 / 80 
talent : 44 
tactique : 29 
technique : 27 
physique : 94 
medecine : 46 
recrutement : 100 
mental : 21 
Total : 551 / 2990 
----------------------------------------------------- 
Total Equipe : 2990 
moyenne : 
age : 61 
xp : 119 
talent : 56 
tactique : 54 
technique : 28 
physique : 118 
recrutement : 112 
medecine : 50 
mental : 45 
Joueur : 1 / 44 
Nom : Briner Magallanez, 39 ans 
xp : 100 
68 / 20 
talent : 97 
tactique : 71 
technique : 51 
physique : 31 
medecine : 68 
recrutement : 77 
mental : 23 
Total : 603 / 603 
----------------------------------------------------- 
Joueur : 2 / 45 
Nom : Panich Caramella, 59 ans 
xp : 64 
32 / 10 
talent : 55 
tactique : 37 
technique : 41 
physique : 12 
medecine : 3 
recrutement : 47 
mental : 41 
Total : 333 / 936 
----------------------------------------------------- 
Joueur : 3 / 46 
Nom : Donella Schremp, 46 ans 
xp : 64 
63 / 8 
talent : 59 
tactique : 83 
technique : 29 
physique : 45 
medecine : 54 
recrutement : 58 
mental : 71 
Total : 529 / 1465 
----------------------------------------------------- 
Joueur : 4 / 47 
Nom : Krissie Lory, 46 ans 
xp : 100 
65 / 99 
talent : 55 
tactique : 24 
technique : 16 
physique : 100 
medecine : 67 
recrutement : 23 
mental : 9 
Total : 554 / 2019 
----------------------------------------------------- 
Joueur : 5 / 48 
Nom : Fairleigh Smythe, 62 ans 
xp : 64 
8 / 27 
talent : 24 
tactique : 39 
technique : 61 
physique : 100 
medecine : 67 
recrutement : 23 
mental : 9 
Total : 382 / 2401 
----------------------------------------------------- 
Joueur : 6 / 49 
Nom : Purkett Ceja, 44 ans 
xp : 13 
19 / 7 
talent : 54 
tactique : 61 
technique : 55 
physique : 25 
medecine : 1 
recrutement : 28 
mental : 10 
Total : 314 / 2715 
----------------------------------------------------- 
Total Equipe : 2715 
moyenne : 
age : 49 
xp : 79 
talent : 57 
tactique : 52 
technique : 42 
physique : 59 
recrutement : 42 
medecine : 43 
mental : 34 
Joueur : 1 / 50 
Nom : Schwuchow Haider, 59 ans 
xp : 100 
48 / 85 
talent : 77 
tactique : 82 
technique : 68 
physique : 100 
medecine : 100 
recrutement : 100 
mental : 35 
Total : 878 / 878 
----------------------------------------------------- 
Joueur : 2 / 51 
Nom : Hoznour Caska, 68 ans 
xp : 43 
20 / 82 
talent : 73 
tactique : 51 
technique : 55 
physique : 75 
medecine : 63 
recrutement : 62 
mental : 10 
Total : 564 / 1442 
----------------------------------------------------- 
Joueur : 3 / 52 
Nom : Poertner Schlussel, 58 ans 
xp : 62 
22 / 24 
talent : 29 
tactique : 11 
technique : 79 
physique : 18 
medecine : 16 
recrutement : 65 
mental : 65 
Total : 358 / 1800 
----------------------------------------------------- 
Joueur : 4 / 53 
Nom : Neat Dones, 40 ans 
xp : 75 
89 / 87 
talent : 70 
tactique : 35 
technique : 68 
physique : 66 
medecine : 54 
recrutement : 16 
mental : 14 
Total : 569 / 2369 
----------------------------------------------------- 
Joueur : 5 / 54 
Nom : Holton Templin, 49 ans 
xp : 58 
62 / 81 
talent : 83 
tactique : 29 
technique : 14 
physique : 66 
medecine : 54 
recrutement : 16 
mental : 54 
Total : 542 / 2911 
----------------------------------------------------- 
Total Equipe : 2911 
moyenne : 
age : 54 
xp : 103 
talent : 66 
tactique : 41 
technique : 56 
physique : 71 
recrutement : 62 
medecine : 61 
mental : 42 
Joueur : 1 / 55 
Nom : Roldan Robberson, 61 ans 
xp : 100 
94 / 71 
talent : 61 
tactique : 92 
technique : 56 
physique : 73 
medecine : 47 
recrutement : 100 
mental : 37 
Total : 728 / 728 
----------------------------------------------------- 
Joueur : 2 / 56 
Nom : Tanika Kazanowski, 38 ans 
xp : 87 
32 / 74 
talent : 97 
tactique : 99 
technique : 16 
physique : 39 
medecine : 26 
recrutement : 60 
mental : 98 
Total : 638 / 1366 
----------------------------------------------------- 
Joueur : 3 / 57 
Nom : Witherow Laudeman, 44 ans 
xp : 100 
26 / 81 
talent : 9 
tactique : 18 
technique : 13 
physique : 65 
medecine : 16 
recrutement : 77 
mental : 51 
Total : 365 / 1731 
----------------------------------------------------- 
Joueur : 4 / 58 
Nom : Tatters Delagol, 49 ans 
xp : 100 
98 / 96 
talent : 29 
tactique : 39 
technique : 53 
physique : 48 
medecine : 83 
recrutement : 19 
mental : 58 
Total : 552 / 2283 
----------------------------------------------------- 
Joueur : 5 / 59 
Nom : Latouche Brundrett, 40 ans 
xp : 79 
77 / 19 
talent : 34 
tactique : 42 
technique : 64 
physique : 48 
medecine : 83 
recrutement : 19 
mental : 79 
Total : 499 / 2782 
----------------------------------------------------- 
Total Equipe : 2782 
moyenne : 
age : 46 
xp : 125 
talent : 46 
tactique : 58 
technique : 40 
physique : 54 
recrutement : 62 
medecine : 51 
mental : 73 
Joueur : 1 / 60 
Nom : Glud Forber, 55 ans 
xp : 100 
19 / 10 
talent : 45 
tactique : 12 
technique : 62 
physique : 93 
medecine : 45 
recrutement : 92 
mental : 46 
Total : 469 / 469 
----------------------------------------------------- 
Joueur : 2 / 61 
Nom : Hortencia Skibicki, 39 ans 
xp : 100 
13 / 3 
talent : 14 
tactique : 9 
technique : 43 
physique : 29 
medecine : 45 
recrutement : 89 
mental : 93 
Total : 352 / 821 
----------------------------------------------------- 
Joueur : 3 / 62 
Nom : Faubus Stone, 40 ans 
xp : 12 
82 / 49 
talent : 33 
tactique : 36 
technique : 47 
physique : 39 
medecine : 48 
recrutement : 72 
mental : 92 
Total : 531 / 1352 
----------------------------------------------------- 
Joueur : 4 / 63 
Nom : Hendler Favaro, 49 ans 
xp : 100 
88 / 64 
talent : 44 
tactique : 69 
technique : 20 
physique : 92 
medecine : 98 
recrutement : 77 
mental : 20 
Total : 616 / 1968 
----------------------------------------------------- 
Joueur : 5 / 64 
Nom : Yousef Nakada, 63 ans 
xp : 100 
11 / 16 
talent : 60 
tactique : 35 
technique : 24 
physique : 92 
medecine : 98 
recrutement : 77 
mental : 37 
Total : 510 / 2478 
----------------------------------------------------- 
Joueur : 6 / 65 
Nom : Furney Egan, 42 ans 
xp : 82 
53 / 30 
talent : 56 
tactique : 16 
technique : 75 
physique : 29 
medecine : 91 
recrutement : 86 
mental : 63 
Total : 555 / 3033 
----------------------------------------------------- 
Total Equipe : 3033 
moyenne : 
age : 48 
xp : 98 
talent : 42 
tactique : 29 
technique : 45 
physique : 62 
recrutement : 82 
medecine : 70 
mental : 70 
Joueur : 1 / 66 
Nom : Grizzard Pasquariello, 39 ans 
xp : 57 
37 / 68 
talent : 5 
tactique : 67 
technique : 37 
physique : 69 
medecine : 70 
recrutement : 15 
mental : 88 
Total : 461 / 461 
----------------------------------------------------- 
Joueur : 2 / 67 
Nom : Wallo Hricko, 62 ans 
xp : 100 
24 / 88 
talent : 6 
tactique : 85 
technique : 86 
physique : 100 
medecine : 21 
recrutement : 64 
mental : 54 
Total : 543 / 1004 
----------------------------------------------------- 
Joueur : 3 / 68 
Nom : Yvette Wunder, 47 ans 
xp : 94 
45 / 63 
talent : 33 
tactique : 18 
technique : 69 
physique : 36 
medecine : 100 
recrutement : 50 
mental : 10 
Total : 458 / 1462 
----------------------------------------------------- 
Joueur : 4 / 69 
Nom : Buntjer Uglum, 66 ans 
xp : 85 
65 / 22 
talent : 14 
tactique : 68 
technique : 68 
physique : 59 
medecine : 33 
recrutement : 10 
mental : 70 
Total : 423 / 1885 
----------------------------------------------------- 
Joueur : 5 / 70 
Nom : Henington Zavasky, 46 ans 
xp : 100 
67 / 16 
talent : 13 
tactique : 74 
technique : 28 
physique : 59 
medecine : 33 
recrutement : 10 
mental : 9 
Total : 322 / 2207 
----------------------------------------------------- 
Joueur : 6 / 71 
Nom : Hebenstreit Cabriales, 63 ans 
xp : 100 
19 / 37 
talent : 52 
tactique : 46 
technique : 30 
physique : 67 
medecine : 100 
recrutement : 69 
mental : 74 
Total : 552 / 2759 
----------------------------------------------------- 
Total Equipe : 2759 
moyenne : 
age : 53 
xp : 155 
talent : 20 
tactique : 59 
technique : 53 
physique : 66 
recrutement : 36 
medecine : 60 
mental : 62 
Joueur : 1 / 72 
Nom : Gunnell Jaymie, 62 ans 
xp : 100 
12 / 9 
talent : 51 
tactique : 56 
technique : 34 
physique : 75 
medecine : 86 
recrutement : 11 
mental : 74 
Total : 459 / 459 
----------------------------------------------------- 
Joueur : 2 / 73 
Nom : Wallau Perrish, 64 ans 
xp : 100 
10 / 98 
talent : 38 
tactique : 51 
technique : 91 
physique : 50 
medecine : 16 
recrutement : 47 
mental : 2 
Total : 441 / 900 
----------------------------------------------------- 
Joueur : 3 / 74 
Nom : Nicarry Pembleton, 65 ans 
xp : 100 
10 / 47 
talent : 89 
tactique : 50 
technique : 9 
physique : 5 
medecine : 75 
recrutement : 71 
mental : 88 
Total : 533 / 1433 
----------------------------------------------------- 
Joueur : 4 / 75 
Nom : Bicknell Kinnamon, 63 ans 
xp : 100 
41 / 78 
talent : 79 
tactique : 97 
technique : 50 
physique : 100 
medecine : 38 
recrutement : 55 
mental : 63 
Total : 685 / 2118 
----------------------------------------------------- 
Joueur : 5 / 76 
Nom : Sherley Stoneberg, 57 ans 
xp : 100 
12 / 30 
talent : 66 
tactique : 25 
technique : 83 
physique : 100 
medecine : 38 
recrutement : 55 
mental : 48 
Total : 523 / 2641 
----------------------------------------------------- 
Joueur : 6 / 77 
Nom : Songer Bellettiere, 38 ans 
xp : 71 
71 / 29 
talent : 8 
tactique : 44 
technique : 81 
physique : 50 
medecine : 57 
recrutement : 53 
mental : 2 
Total : 403 / 3044 
----------------------------------------------------- 
Total Equipe : 3044 
moyenne : 
age : 58 
xp : 156 
talent : 55 
tactique : 53 
technique : 58 
physique : 64 
recrutement : 48 
medecine : 51 
mental : 56 
Joueur : 1 / 78 
Nom : Trivino Ziedan, 35 ans 
xp : 6 
32 / 53 
talent : 31 
tactique : 44 
technique : 68 
physique : 52 
medecine : 57 
recrutement : 47 
mental : 5 
Total : 420 / 420 
----------------------------------------------------- 
Joueur : 2 / 79 
Nom : Iachetta Schleh, 50 ans 
xp : 100 
30 / 52 
talent : 55 
tactique : 56 
technique : 33 
physique : 38 
medecine : 48 
recrutement : 69 
mental : 45 
Total : 481 / 901 
----------------------------------------------------- 
Joueur : 3 / 80 
Nom : Nicola Deoliveira, 59 ans 
xp : 100 
66 / 49 
talent : 87 
tactique : 11 
technique : 35 
physique : 96 
medecine : 8 
recrutement : 49 
mental : 51 
Total : 539 / 1440 
----------------------------------------------------- 
Joueur : 4 / 81 
Nom : Stergios Edgell, 61 ans 
xp : 100 
91 / 65 
talent : 78 
tactique : 11 
technique : 8 
physique : 46 
medecine : 38 
recrutement : 41 
mental : 17 
Total : 473 / 1913 
----------------------------------------------------- 
Joueur : 5 / 82 
Nom : Maglaughlin Sansotta, 66 ans 
xp : 100 
17 / 6 
talent : 83 
tactique : 64 
technique : 37 
physique : 46 
medecine : 38 
recrutement : 41 
mental : 32 
Total : 447 / 2360 
----------------------------------------------------- 
Joueur : 6 / 83 
Nom : Britt Dais, 42 ans 
xp : 100 
97 / 99 
talent : 1 
tactique : 63 
technique : 43 
physique : 63 
medecine : 16 
recrutement : 68 
mental : 84 
Total : 535 / 2895 
----------------------------------------------------- 
Total Equipe : 2895 
moyenne : 
age : 52 
xp : 161 
talent : 55 
tactique : 41 
technique : 37 
physique : 56 
recrutement : 52 
medecine : 34 
mental : 48 
Joueur : 1 / 84 
Nom : Leitzel Meade, 64 ans 
xp : 100 
34 / 49 
talent : 56 
tactique : 45 
technique : 7 
physique : 45 
medecine : 75 
recrutement : 50 
mental : 90 
Total : 507 / 507 
----------------------------------------------------- 
Joueur : 2 / 85 
Nom : Piepenbrink Frayer, 59 ans 
xp : 100 
86 / 15 
talent : 32 
tactique : 29 
technique : 35 
physique : 42 
medecine : 32 
recrutement : 70 
mental : 17 
Total : 390 / 897 
----------------------------------------------------- 
Joueur : 3 / 86 
Nom : Dichiara Kuharik, 37 ans 
xp : 22 
8 / 29 
talent : 38 
tactique : 85 
technique : 69 
physique : 24 
medecine : 19 
recrutement : 39 
mental : 58 
Total : 407 / 1304 
----------------------------------------------------- 
Joueur : 4 / 87 
Nom : Wolak Padgett, 67 ans 
xp : 100 
40 / 90 
talent : 80 
tactique : 12 
technique : 14 
physique : 89 
medecine : 85 
recrutement : 77 
mental : 34 
Total : 601 / 1905 
----------------------------------------------------- 
Joueur : 5 / 88 
Nom : Lesniewski Emms, 69 ans 
xp : 100 
18 / 8 
talent : 60 
tactique : 97 
technique : 93 
physique : 89 
medecine : 85 
recrutement : 77 
mental : 40 
Total : 627 / 2532 
----------------------------------------------------- 
Joueur : 6 / 89 
Nom : Bowar Cardena, 37 ans 
xp : 100 
65 / 31 
talent : 78 
tactique : 32 
technique : 15 
physique : 60 
medecine : 16 
recrutement : 100 
mental : 47 
Total : 543 / 3075 
----------------------------------------------------- 
Total Equipe : 3075 
moyenne : 
age : 55 
xp : 141 
talent : 57 
tactique : 50 
technique : 38 
physique : 58 
recrutement : 72 
medecine : 52 
mental : 55 
Joueur : 1 / 90 
Nom : Biehn Underland, 53 ans 
xp : 100 
95 / 4 
talent : 77 
tactique : 8 
technique : 83 
physique : 70 
medecine : 96 
recrutement : 100 
mental : 62 
Total : 695 / 695 
----------------------------------------------------- 
Joueur : 2 / 91 
Nom : Wenman Antunes, 46 ans 
xp : 79 
20 / 24 
talent : 52 
tactique : 73 
technique : 92 
physique : 51 
medecine : 2 
recrutement : 54 
mental : 69 
Total : 489 / 1184 
----------------------------------------------------- 
Joueur : 3 / 92 
Nom : Elms Alphonse, 63 ans 
xp : 70 
84 / 68 
talent : 26 
tactique : 97 
technique : 58 
physique : 42 
medecine : 47 
recrutement : 72 
mental : 6 
Total : 526 / 1710 
----------------------------------------------------- 
Joueur : 4 / 93 
Nom : Emberger Skeets, 69 ans 
xp : 100 
65 / 22 
talent : 6 
tactique : 87 
technique : 71 
physique : 45 
medecine : 96 
recrutement : 100 
mental : 28 
Total : 530 / 2240 
----------------------------------------------------- 
Joueur : 5 / 94 
Nom : Evans Elsayed, 55 ans 
xp : 100 
40 / 98 
talent : 73 
tactique : 90 
technique : 48 
physique : 45 
medecine : 96 
recrutement : 100 
mental : 20 
Total : 683 / 2923 
----------------------------------------------------- 
Total Equipe : 2923 
moyenne : 
age : 57 
xp : 125 
talent : 46 
tactique : 71 
technique : 70 
physique : 50 
recrutement : 90 
medecine : 67 
mental : 48 
