 *********** Equipe n° :  1 ************************
Ligne : 1 , 3 joueurs (reste 7 joueur) 
Ligne : 2 , 2 joueurs (reste 5 joueur) 
Ligne : 3 , 4 joueurs (reste 1 joueur) 
Ligne : 4 , 1 joueurs (reste 0 joueur) 
5 ligne(s) pour cette equipe 
 *********** Tactique n° : 1 ************
 Gardien :   : 44, 225 
 PLUS DE JOUEUR DANS L'EFFECTIFFFFFFFF Joueur 2 ((0,0)) : 139,118
 PLUS DE JOUEUR DANS L'EFFECTIFFFFFFFF Joueur 3 ((0,1)) : 134,237
 PLUS DE JOUEUR DANS L'EFFECTIFFFFFFFF Joueur 4 ((0,2)) : 139,351
 PLUS DE JOUEUR DANS L'EFFECTIFFFFFFFF Joueur 5 ((1,0)) : 245,160
 PLUS DE JOUEUR DANS L'EFFECTIFFFFFFFF Joueur 6 ((1,1)) : 247,318
 PLUS DE JOUEUR DANS L'EFFECTIFFFFFFFF Joueur 7 ((2,0)) : 352,98
 PLUS DE JOUEUR DANS L'EFFECTIFFFFFFFF Joueur 8 ((2,1)) : 347,190
 PLUS DE JOUEUR DANS L'EFFECTIFFFFFFFF Joueur 9 ((2,2)) : 349,283
 PLUS DE JOUEUR DANS L'EFFECTIFFFFFFFF Joueur 10 ((2,3)) : 352,376
 PLUS DE JOUEUR DANS L'EFFECTIFFFFFFFF Joueur 11 ((3,0)) : 460,221
 *********** Equipe n° :  2 ************************
Ligne : 1 , 4 joueurs (reste 6 joueur) 
Ligne : 2 , 2 joueurs (reste 4 joueur) 
Ligne : 3 , 2 joueurs (reste 2 joueur) 
Ligne : 4 , 1 joueurs (reste 1 joueur) 
Ligne : 5 , 1 joueurs (reste 0 joueur) 
6 ligne(s) pour cette equipe 
 *********** Tactique n° : 3 ************
 Gardien :   : 46, 225 
 PLUS DE JOUEUR DANS L'EFFECTIFFFFFFFF Joueur 2 ((0,0)) : 126,107
 PLUS DE JOUEUR DANS L'EFFECTIFFFFFFFF Joueur 3 ((0,1)) : 123,204
 PLUS DE JOUEUR DANS L'EFFECTIFFFFFFFF Joueur 4 ((0,2)) : 122,296
 PLUS DE JOUEUR DANS L'EFFECTIFFFFFFFF Joueur 5 ((0,3)) : 129,393
 PLUS DE JOUEUR DANS L'EFFECTIFFFFFFFF Joueur 6 ((1,0)) : 220,161
 PLUS DE JOUEUR DANS L'EFFECTIFFFFFFFF Joueur 7 ((1,1)) : 216,305
 PLUS DE JOUEUR DANS L'EFFECTIFFFFFFFF Joueur 8 ((2,0)) : 297,161
 PLUS DE JOUEUR DANS L'EFFECTIFFFFFFFF Joueur 9 ((2,1)) : 297,313
 PLUS DE JOUEUR DANS L'EFFECTIFFFFFFFF Joueur 10 ((3,0)) : 397,230
 PLUS DE JOUEUR DANS L'EFFECTIFFFFFFFF Joueur 11 ((4,0)) : 485,224
 *********** Equipe n° :  3 ************************
Ligne : 1 , 4 joueurs (reste 6 joueur) 
Ligne : 2 , 4 joueurs (reste 2 joueur) 
Ligne : 3 , 1 joueurs (reste 1 joueur) 
Ligne : 4 , 1 joueurs (reste 0 joueur) 
5 ligne(s) pour cette equipe 
 *********** Tactique n° : 6 ************
 Gardien :   : 43, 225 
 PLUS DE JOUEUR DANS L'EFFECTIFFFFFFFF Joueur 2 ((0,0)) : 138,103
 PLUS DE JOUEUR DANS L'EFFECTIFFFFFFFF Joueur 3 ((0,1)) : 132,210
 PLUS DE JOUEUR DANS L'EFFECTIFFFFFFFF Joueur 4 ((0,2)) : 137,308
 PLUS DE JOUEUR DANS L'EFFECTIFFFFFFFF Joueur 5 ((0,3)) : 131,409
 PLUS DE JOUEUR DANS L'EFFECTIFFFFFFFF Joueur 6 ((1,0)) : 252,96
 PLUS DE JOUEUR DANS L'EFFECTIFFFFFFFF Joueur 7 ((1,1)) : 259,188
 PLUS DE JOUEUR DANS L'EFFECTIFFFFFFFF Joueur 8 ((1,2)) : 256,280
 PLUS DE JOUEUR DANS L'EFFECTIFFFFFFFF Joueur 9 ((1,3)) : 256,370
 PLUS DE JOUEUR DANS L'EFFECTIFFFFFFFF Joueur 10 ((2,0)) : 344,217
 PLUS DE JOUEUR DANS L'EFFECTIFFFFFFFF Joueur 11 ((3,0)) : 455,226
 *********** Equipe n° :  4 ************************
Ligne : 1 , 4 joueurs (reste 6 joueur) 
Ligne : 2 , 3 joueurs (reste 3 joueur) 
Ligne : 3 , 1 joueurs (reste 2 joueur) 
Ligne : 4 , 1 joueurs (reste 1 joueur) 
Ligne : 5 , 1 joueurs (reste 0 joueur) 
6 ligne(s) pour cette equipe 
 *********** Tactique n° : 7 ************
 Gardien :   : 47, 225 
 PLUS DE JOUEUR DANS L'EFFECTIFFFFFFFF Joueur 2 ((0,0)) : 135,97
 PLUS DE JOUEUR DANS L'EFFECTIFFFFFFFF Joueur 3 ((0,1)) : 130,191
 PLUS DE JOUEUR DANS L'EFFECTIFFFFFFFF Joueur 4 ((0,2)) : 129,285
 PLUS DE JOUEUR DANS L'EFFECTIFFFFFFFF Joueur 5 ((0,3)) : 132,375
 PLUS DE JOUEUR DANS L'EFFECTIFFFFFFFF Joueur 6 ((1,0)) : 224,116
 PLUS DE JOUEUR DANS L'EFFECTIFFFFFFFF Joueur 7 ((1,1)) : 222,229
 PLUS DE JOUEUR DANS L'EFFECTIFFFFFFFF Joueur 8 ((1,2)) : 227,344
 PLUS DE JOUEUR DANS L'EFFECTIFFFFFFFF Joueur 9 ((2,0)) : 302,225
 PLUS DE JOUEUR DANS L'EFFECTIFFFFFFFF Joueur 10 ((3,0)) : 401,226
 PLUS DE JOUEUR DANS L'EFFECTIFFFFFFFF Joueur 11 ((4,0)) : 494,224
 *********** Equipe n° :  5 ************************
Ligne : 1 , 3 joueurs (reste 7 joueur) 
Ligne : 2 , 1 joueurs (reste 6 joueur) 
Ligne : 3 , 2 joueurs (reste 4 joueur) 
Ligne : 4 , 2 joueurs (reste 2 joueur) 
Ligne : 5 , 1 joueurs (reste 1 joueur) 
Ligne : 6 , 1 joueurs (reste 0 joueur) 
7 ligne(s) pour cette equipe 
 *********** Tactique n° : 10 ************
 Gardien :   : 42, 225 
 PLUS DE JOUEUR DANS L'EFFECTIFFFFFFFF Joueur 2 ((0,0)) : 120,125
 PLUS DE JOUEUR DANS L'EFFECTIFFFFFFFF Joueur 3 ((0,1)) : 116,243
 PLUS DE JOUEUR DANS L'EFFECTIFFFFFFFF Joueur 4 ((0,2)) : 115,366
 PLUS DE JOUEUR DANS L'EFFECTIFFFFFFFF Joueur 5 ((1,0)) : 194,225
 PLUS DE JOUEUR DANS L'EFFECTIFFFFFFFF Joueur 6 ((2,0)) : 285,160
 PLUS DE JOUEUR DANS L'EFFECTIFFFFFFFF Joueur 7 ((2,1)) : 282,317
 PLUS DE JOUEUR DANS L'EFFECTIFFFFFFFF Joueur 8 ((3,0)) : 357,155
 PLUS DE JOUEUR DANS L'EFFECTIFFFFFFFF Joueur 9 ((3,1)) : 356,312
 PLUS DE JOUEUR DANS L'EFFECTIFFFFFFFF Joueur 10 ((4,0)) : 428,222
 PLUS DE JOUEUR DANS L'EFFECTIFFFFFFFF Joueur 11 ((5,0)) : 520,222
 *********** Equipe n° :  6 ************************
Ligne : 1 , 4 joueurs (reste 6 joueur) 
Ligne : 2 , 1 joueurs (reste 5 joueur) 
Ligne : 3 , 3 joueurs (reste 2 joueur) 
Ligne : 4 , 1 joueurs (reste 1 joueur) 
Ligne : 5 , 1 joueurs (reste 0 joueur) 
6 ligne(s) pour cette equipe 
 *********** Tactique n° : 11 ************
 Gardien :   : 50, 225 
 PLUS DE JOUEUR DANS L'EFFECTIFFFFFFFF Joueur 2 ((0,0)) : 121,107
 PLUS DE JOUEUR DANS L'EFFECTIFFFFFFFF Joueur 3 ((0,1)) : 125,203
 PLUS DE JOUEUR DANS L'EFFECTIFFFFFFFF Joueur 4 ((0,2)) : 125,311
 PLUS DE JOUEUR DANS L'EFFECTIFFFFFFFF Joueur 5 ((0,3)) : 122,405
 PLUS DE JOUEUR DANS L'EFFECTIFFFFFFFF Joueur 6 ((1,0)) : 218,227
 PLUS DE JOUEUR DANS L'EFFECTIFFFFFFFF Joueur 7 ((2,0)) : 317,121
 PLUS DE JOUEUR DANS L'EFFECTIFFFFFFFF Joueur 8 ((2,1)) : 319,238
 PLUS DE JOUEUR DANS L'EFFECTIFFFFFFFF Joueur 9 ((2,2)) : 321,356
 PLUS DE JOUEUR DANS L'EFFECTIFFFFFFFF Joueur 10 ((3,0)) : 408,226
 PLUS DE JOUEUR DANS L'EFFECTIFFFFFFFF Joueur 11 ((4,0)) : 485,220
 *********** Equipe n° :  7 ************************
Ligne : 1 , 3 joueurs (reste 7 joueur) 
Ligne : 2 , 3 joueurs (reste 4 joueur) 
Ligne : 3 , 1 joueurs (reste 3 joueur) 
Ligne : 4 , 2 joueurs (reste 1 joueur) 
Ligne : 5 , 1 joueurs (reste 0 joueur) 
6 ligne(s) pour cette equipe 
 *********** Tactique n° : 14 ************
 Gardien :   : 46, 225 
 PLUS DE JOUEUR DANS L'EFFECTIFFFFFFFF Joueur 2 ((0,0)) : 125,115
 PLUS DE JOUEUR DANS L'EFFECTIFFFFFFFF Joueur 3 ((0,1)) : 133,228
 PLUS DE JOUEUR DANS L'EFFECTIFFFFFFFF Joueur 4 ((0,2)) : 130,345
 PLUS DE JOUEUR DANS L'EFFECTIFFFFFFFF Joueur 5 ((1,0)) : 217,115
 PLUS DE JOUEUR DANS L'EFFECTIFFFFFFFF Joueur 6 ((1,1)) : 215,230
 PLUS DE JOUEUR DANS L'EFFECTIFFFFFFFF Joueur 7 ((1,2)) : 220,344
 PLUS DE JOUEUR DANS L'EFFECTIFFFFFFFF Joueur 8 ((2,0)) : 299,229
 PLUS DE JOUEUR DANS L'EFFECTIFFFFFFFF Joueur 9 ((3,0)) : 407,151
 PLUS DE JOUEUR DANS L'EFFECTIFFFFFFFF Joueur 10 ((3,1)) : 408,302
 PLUS DE JOUEUR DANS L'EFFECTIFFFFFFFF Joueur 11 ((4,0)) : 483,226
 *********** Equipe n° :  8 ************************
Ligne : 1 , 2 joueurs (reste 8 joueur) 
Ligne : 2 , 3 joueurs (reste 5 joueur) 
Ligne : 3 , 4 joueurs (reste 1 joueur) 
Ligne : 4 , 1 joueurs (reste 0 joueur) 
5 ligne(s) pour cette equipe 
 *********** Tactique n° : 15 ************
 Gardien :   : 42, 225 
 PLUS DE JOUEUR DANS L'EFFECTIFFFFFFFF Joueur 2 ((0,0)) : 147,153
 PLUS DE JOUEUR DANS L'EFFECTIFFFFFFFF Joueur 3 ((0,1)) : 151,306
 PLUS DE JOUEUR DANS L'EFFECTIFFFFFFFF Joueur 4 ((1,0)) : 249,117
 PLUS DE JOUEUR DANS L'EFFECTIFFFFFFFF Joueur 5 ((1,1)) : 246,236
 PLUS DE JOUEUR DANS L'EFFECTIFFFFFFFF Joueur 6 ((1,2)) : 245,346
 PLUS DE JOUEUR DANS L'EFFECTIFFFFFFFF Joueur 7 ((2,0)) : 365,100
 PLUS DE JOUEUR DANS L'EFFECTIFFFFFFFF Joueur 8 ((2,1)) : 363,197
 PLUS DE JOUEUR DANS L'EFFECTIFFFFFFFF Joueur 9 ((2,2)) : 359,297
 PLUS DE JOUEUR DANS L'EFFECTIFFFFFFFF Joueur 10 ((2,3)) : 359,388
 PLUS DE JOUEUR DANS L'EFFECTIFFFFFFFF Joueur 11 ((3,0)) : 473,222
 *********** Equipe n° :  9 ************************
Ligne : 1 , 1 joueurs (reste 9 joueur) 
Ligne : 2 , 4 joueurs (reste 5 joueur) 
Ligne : 3 , 2 joueurs (reste 3 joueur) 
Ligne : 4 , 1 joueurs (reste 2 joueur) 
Ligne : 5 , 1 joueurs (reste 1 joueur) 
Ligne : 6 , 1 joueurs (reste 0 joueur) 
7 ligne(s) pour cette equipe 
 *********** Tactique n° : 2 ************
 Gardien :   : 44, 225 
 PLUS DE JOUEUR DANS L'EFFECTIFFFFFFFF Joueur 2 ((0,0)) : 122,222
 PLUS DE JOUEUR DANS L'EFFECTIFFFFFFFF Joueur 3 ((1,0)) : 199,101
 PLUS DE JOUEUR DANS L'EFFECTIFFFFFFFF Joueur 4 ((1,1)) : 201,197
 PLUS DE JOUEUR DANS L'EFFECTIFFFFFFFF Joueur 5 ((1,2)) : 203,300
 PLUS DE JOUEUR DANS L'EFFECTIFFFFFFFF Joueur 6 ((1,3)) : 203,392
 PLUS DE JOUEUR DANS L'EFFECTIFFFFFFFF Joueur 7 ((2,0)) : 271,155
 PLUS DE JOUEUR DANS L'EFFECTIFFFFFFFF Joueur 8 ((2,1)) : 276,319
 PLUS DE JOUEUR DANS L'EFFECTIFFFFFFFF Joueur 9 ((3,0)) : 359,224
 PLUS DE JOUEUR DANS L'EFFECTIFFFFFFFF Joueur 10 ((4,0)) : 429,219
 PLUS DE JOUEUR DANS L'EFFECTIFFFFFFFF Joueur 11 ((5,0)) : 519,229
 *********** Equipe n° :  10 ************************
Ligne : 1 , 3 joueurs (reste 7 joueur) 
Ligne : 2 , 2 joueurs (reste 5 joueur) 
Ligne : 3 , 4 joueurs (reste 1 joueur) 
Ligne : 4 , 1 joueurs (reste 0 joueur) 
5 ligne(s) pour cette equipe 
 *********** Tactique n° : 4 ************
 Gardien :   : 47, 225 
 PLUS DE JOUEUR DANS L'EFFECTIFFFFFFFF Joueur 2 ((0,0)) : 139,125
 PLUS DE JOUEUR DANS L'EFFECTIFFFFFFFF Joueur 3 ((0,1)) : 142,239
 PLUS DE JOUEUR DANS L'EFFECTIFFFFFFFF Joueur 4 ((0,2)) : 145,363
 PLUS DE JOUEUR DANS L'EFFECTIFFFFFFFF Joueur 5 ((1,0)) : 251,153
 PLUS DE JOUEUR DANS L'EFFECTIFFFFFFFF Joueur 6 ((1,1)) : 248,301
 PLUS DE JOUEUR DANS L'EFFECTIFFFFFFFF Joueur 7 ((2,0)) : 358,106
 PLUS DE JOUEUR DANS L'EFFECTIFFFFFFFF Joueur 8 ((2,1)) : 366,195
 PLUS DE JOUEUR DANS L'EFFECTIFFFFFFFF Joueur 9 ((2,2)) : 365,294
 PLUS DE JOUEUR DANS L'EFFECTIFFFFFFFF Joueur 10 ((2,3)) : 365,393
 PLUS DE JOUEUR DANS L'EFFECTIFFFFFFFF Joueur 11 ((3,0)) : 460,221
 *********** Equipe n° :  11 ************************
Ligne : 1 , 3 joueurs (reste 7 joueur) 
Ligne : 2 , 2 joueurs (reste 5 joueur) 
Ligne : 3 , 1 joueurs (reste 4 joueur) 
Ligne : 4 , 2 joueurs (reste 2 joueur) 
Ligne : 5 , 1 joueurs (reste 1 joueur) 
Ligne : 6 , 1 joueurs (reste 0 joueur) 
7 ligne(s) pour cette equipe 
 *********** Tactique n° : 5 ************
 Gardien :   : 47, 225 
 PLUS DE JOUEUR DANS L'EFFECTIFFFFFFFF Joueur 2 ((0,0)) : 110,120
 PLUS DE JOUEUR DANS L'EFFECTIFFFFFFFF Joueur 3 ((0,1)) : 115,237
 PLUS DE JOUEUR DANS L'EFFECTIFFFFFFFF Joueur 4 ((0,2)) : 107,351
 PLUS DE JOUEUR DANS L'EFFECTIFFFFFFFF Joueur 5 ((1,0)) : 194,155
 PLUS DE JOUEUR DANS L'EFFECTIFFFFFFFF Joueur 6 ((1,1)) : 196,298
 PLUS DE JOUEUR DANS L'EFFECTIFFFFFFFF Joueur 7 ((2,0)) : 276,222
 PLUS DE JOUEUR DANS L'EFFECTIFFFFFFFF Joueur 8 ((3,0)) : 352,151
 PLUS DE JOUEUR DANS L'EFFECTIFFFFFFFF Joueur 9 ((3,1)) : 353,307
 PLUS DE JOUEUR DANS L'EFFECTIFFFFFFFF Joueur 10 ((4,0)) : 443,225
 PLUS DE JOUEUR DANS L'EFFECTIFFFFFFFF Joueur 11 ((5,0)) : 515,221
 *********** Equipe n° :  12 ************************
Ligne : 1 , 2 joueurs (reste 8 joueur) 
Ligne : 2 , 3 joueurs (reste 5 joueur) 
Ligne : 3 , 1 joueurs (reste 4 joueur) 
Ligne : 4 , 2 joueurs (reste 2 joueur) 
Ligne : 5 , 1 joueurs (reste 1 joueur) 
Ligne : 6 , 1 joueurs (reste 0 joueur) 
7 ligne(s) pour cette equipe 
 *********** Tactique n° : 8 ************
 Gardien :   : 45, 225 
 PLUS DE JOUEUR DANS L'EFFECTIFFFFFFFF Joueur 2 ((0,0)) : 121,152
 PLUS DE JOUEUR DANS L'EFFECTIFFFFFFFF Joueur 3 ((0,1)) : 115,306
 PLUS DE JOUEUR DANS L'EFFECTIFFFFFFFF Joueur 4 ((1,0)) : 190,119
 PLUS DE JOUEUR DANS L'EFFECTIFFFFFFFF Joueur 5 ((1,1)) : 187,226
 PLUS DE JOUEUR DANS L'EFFECTIFFFFFFFF Joueur 6 ((1,2)) : 192,348
 PLUS DE JOUEUR DANS L'EFFECTIFFFFFFFF Joueur 7 ((2,0)) : 278,220
 PLUS DE JOUEUR DANS L'EFFECTIFFFFFFFF Joueur 8 ((3,0)) : 347,153
 PLUS DE JOUEUR DANS L'EFFECTIFFFFFFFF Joueur 9 ((3,1)) : 344,296
 PLUS DE JOUEUR DANS L'EFFECTIFFFFFFFF Joueur 10 ((4,0)) : 433,223
 PLUS DE JOUEUR DANS L'EFFECTIFFFFFFFF Joueur 11 ((5,0)) : 517,224
 *********** Equipe n° :  13 ************************
Ligne : 1 , 3 joueurs (reste 7 joueur) 
Ligne : 2 , 3 joueurs (reste 4 joueur) 
Ligne : 3 , 3 joueurs (reste 1 joueur) 
Ligne : 4 , 1 joueurs (reste 0 joueur) 
5 ligne(s) pour cette equipe 
 *********** Tactique n° : 9 ************
 Gardien :   : 48, 225 
 PLUS DE JOUEUR DANS L'EFFECTIFFFFFFFF Joueur 2 ((0,0)) : 147,116
 PLUS DE JOUEUR DANS L'EFFECTIFFFFFFFF Joueur 3 ((0,1)) : 152,240
 PLUS DE JOUEUR DANS L'EFFECTIFFFFFFFF Joueur 4 ((0,2)) : 149,351
 PLUS DE JOUEUR DANS L'EFFECTIFFFFFFFF Joueur 5 ((1,0)) : 253,119
 PLUS DE JOUEUR DANS L'EFFECTIFFFFFFFF Joueur 6 ((1,1)) : 252,244
 PLUS DE JOUEUR DANS L'EFFECTIFFFFFFFF Joueur 7 ((1,2)) : 248,359
 PLUS DE JOUEUR DANS L'EFFECTIFFFFFFFF Joueur 8 ((2,0)) : 367,119
 PLUS DE JOUEUR DANS L'EFFECTIFFFFFFFF Joueur 9 ((2,1)) : 361,240
 PLUS DE JOUEUR DANS L'EFFECTIFFFFFFFF Joueur 10 ((2,2)) : 362,356
 PLUS DE JOUEUR DANS L'EFFECTIFFFFFFFF Joueur 11 ((3,0)) : 449,218
 *********** Equipe n° :  14 ************************
Ligne : 1 , 2 joueurs (reste 8 joueur) 
Ligne : 2 , 1 joueurs (reste 7 joueur) 
Ligne : 3 , 3 joueurs (reste 4 joueur) 
Ligne : 4 , 2 joueurs (reste 2 joueur) 
Ligne : 5 , 1 joueurs (reste 1 joueur) 
Ligne : 6 , 1 joueurs (reste 0 joueur) 
7 ligne(s) pour cette equipe 
 *********** Tactique n° : 12 ************
 Gardien :   : 50, 225 
 PLUS DE JOUEUR DANS L'EFFECTIFFFFFFFF Joueur 2 ((0,0)) : 122,156
 PLUS DE JOUEUR DANS L'EFFECTIFFFFFFFF Joueur 3 ((0,1)) : 118,305
 PLUS DE JOUEUR DANS L'EFFECTIFFFFFFFF Joueur 4 ((1,0)) : 194,226
 PLUS DE JOUEUR DANS L'EFFECTIFFFFFFFF Joueur 5 ((2,0)) : 271,126
 PLUS DE JOUEUR DANS L'EFFECTIFFFFFFFF Joueur 6 ((2,1)) : 271,241
 PLUS DE JOUEUR DANS L'EFFECTIFFFFFFFF Joueur 7 ((2,2)) : 269,352
 PLUS DE JOUEUR DANS L'EFFECTIFFFFFFFF Joueur 8 ((3,0)) : 359,162
 PLUS DE JOUEUR DANS L'EFFECTIFFFFFFFF Joueur 9 ((3,1)) : 355,315
 PLUS DE JOUEUR DANS L'EFFECTIFFFFFFFF Joueur 10 ((4,0)) : 437,221
 PLUS DE JOUEUR DANS L'EFFECTIFFFFFFFF Joueur 11 ((5,0)) : 510,226
 *********** Equipe n° :  15 ************************
Ligne : 1 , 4 joueurs (reste 6 joueur) 
Ligne : 2 , 3 joueurs (reste 3 joueur) 
Ligne : 3 , 1 joueurs (reste 2 joueur) 
Ligne : 4 , 1 joueurs (reste 1 joueur) 
Ligne : 5 , 1 joueurs (reste 0 joueur) 
6 ligne(s) pour cette equipe 
 *********** Tactique n° : 13 ************
 Gardien :   : 42, 225 
 PLUS DE JOUEUR DANS L'EFFECTIFFFFFFFF Joueur 2 ((0,0)) : 117,99
 PLUS DE JOUEUR DANS L'EFFECTIFFFFFFFF Joueur 3 ((0,1)) : 117,192
 PLUS DE JOUEUR DANS L'EFFECTIFFFFFFFF Joueur 4 ((0,2)) : 119,294
 PLUS DE JOUEUR DANS L'EFFECTIFFFFFFFF Joueur 5 ((0,3)) : 113,388
 PLUS DE JOUEUR DANS L'EFFECTIFFFFFFFF Joueur 6 ((1,0)) : 208,119
 PLUS DE JOUEUR DANS L'EFFECTIFFFFFFFF Joueur 7 ((1,1)) : 215,230
 PLUS DE JOUEUR DANS L'EFFECTIFFFFFFFF Joueur 8 ((1,2)) : 210,343
 PLUS DE JOUEUR DANS L'EFFECTIFFFFFFFF Joueur 9 ((2,0)) : 312,222
 PLUS DE JOUEUR DANS L'EFFECTIFFFFFFFF Joueur 10 ((3,0)) : 400,227
 PLUS DE JOUEUR DANS L'EFFECTIFFFFFFFF Joueur 11 ((4,0)) : 495,215
 *********** Equipe n° :  16 ************************
Ligne : 1 , 1 joueurs (reste 9 joueur) 
Ligne : 2 , 4 joueurs (reste 5 joueur) 
Ligne : 3 , 1 joueurs (reste 4 joueur) 
Ligne : 4 , 2 joueurs (reste 2 joueur) 
Ligne : 5 , 1 joueurs (reste 1 joueur) 
Ligne : 6 , 1 joueurs (reste 0 joueur) 
7 ligne(s) pour cette equipe 
 *********** Tactique n° : 16 ************
 Gardien :   : 44, 225 
 PLUS DE JOUEUR DANS L'EFFECTIFFFFFFFF Joueur 2 ((0,0)) : 121,226
 PLUS DE JOUEUR DANS L'EFFECTIFFFFFFFF Joueur 3 ((1,0)) : 192,101
 PLUS DE JOUEUR DANS L'EFFECTIFFFFFFFF Joueur 4 ((1,1)) : 195,211
 PLUS DE JOUEUR DANS L'EFFECTIFFFFFFFF Joueur 5 ((1,2)) : 194,311
 PLUS DE JOUEUR DANS L'EFFECTIFFFFFFFF Joueur 6 ((1,3)) : 189,407
 PLUS DE JOUEUR DANS L'EFFECTIFFFFFFFF Joueur 7 ((2,0)) : 272,227
 PLUS DE JOUEUR DANS L'EFFECTIFFFFFFFF Joueur 8 ((3,0)) : 361,149
 PLUS DE JOUEUR DANS L'EFFECTIFFFFFFFF Joueur 9 ((3,1)) : 359,297
 PLUS DE JOUEUR DANS L'EFFECTIFFFFFFFF Joueur 10 ((4,0)) : 435,229
 PLUS DE JOUEUR DANS L'EFFECTIFFFFFFFF Joueur 11 ((5,0)) : 510,218
